<?xml version="1.0" encoding="UTF-8"?>
<!-- Generated by org.testng.reporters.JUnitXMLReporter -->
<testsuite hostname="PRIYANKA" ignored="0" name="FirefoxTest" tests="1" failures="1" timestamp="06 Feb 2021 19:12:04 GMT" time="0.655" errors="0">
  <testcase name="TC_01" time="0.61" classname="TestNG.DemoCrossBrowser">
    <failure type="java.lang.IllegalStateException" message="The driver executable does not exist: E:\workspce\SELENIUM\.\software\geckodriver.exe">
      <![CDATA[java.lang.IllegalStateException: The driver executable does not exist: E:\workspce\SELENIUM\.\software\geckodriver.exe
at com.google.common.base.Preconditions.checkState(Preconditions.java:585)
at org.openqa.selenium.remote.service.DriverService.checkExecutable(DriverService.java:146)
at org.openqa.selenium.remote.service.DriverService.findExecutable(DriverService.java:141)
at org.openqa.selenium.firefox.GeckoDriverService.access$100(GeckoDriverService.java:44)
at org.openqa.selenium.firefox.GeckoDriverService$Builder.findDefaultExecutable(GeckoDriverService.java:167)
at org.openqa.selenium.remote.service.DriverService$Builder.build(DriverService.java:355)
at org.openqa.selenium.firefox.FirefoxDriver.toExecutor(FirefoxDriver.java:190)
at org.openqa.selenium.firefox.FirefoxDriver.<init>(FirefoxDriver.java:147)
at org.openqa.selenium.firefox.FirefoxDriver.<init>(FirefoxDriver.java:125)
at TestNG.DemoCrossBrowser.TC_01(DemoCrossBrowser.java:19)
at java.util.concurrent.FutureTask.run(FutureTask.java:266)
at java.util.concurrent.ThreadPoolExecutor.runWorker(ThreadPoolExecutor.java:1149)
at java.util.concurrent.ThreadPoolExecutor$Worker.run(ThreadPoolExecutor.java:624)
at java.lang.Thread.run(Thread.java:748)
... Removed 16 stack frames]]>
    </failure>
  </testcase> <!-- TC_01 -->
</testsuite> <!-- FirefoxTest -->
